<?xml version="1.0" encoding="UTF-8"?>
<!-- Generated by org.testng.reporters.JUnitReportReporter -->
<testsuite hostname="Prakhar" failures="0" tests="4" name="Api.rest.allHttpMethods" time="8.557" errors="0" timestamp="2024-10-21T20:30:06 IST" skipped="0">
  <testcase classname="Api.rest.allHttpMethods" name="getUsers" time="5.734"/>
  <testcase classname="Api.rest.allHttpMethods" name="createUsers" time="1.464"/>
  <testcase classname="Api.rest.allHttpMethods" name="updateUser" time="0.584"/>
  <testcase classname="Api.rest.allHttpMethods" name="deleteUser" time="0.775"/>
</testsuite> <!-- Api.rest.allHttpMethods -->
