<?xml version="1.0" encoding="UTF-8"?>
<!-- Generated by org.testng.reporters.JUnitReportReporter -->
<testsuite hostname="Prakhar" failures="0" tests="4" name="Api.rest.day1" time="8.438" errors="0" timestamp="2024-10-21T20:22:05 IST" skipped="0">
  <testcase classname="Api.rest.day1" name="getUsers" time="5.819"/>
  <testcase classname="Api.rest.day1" name="createUsers" time="1.422"/>
  <testcase classname="Api.rest.day1" name="updateUser" time="0.701"/>
  <testcase classname="Api.rest.day1" name="deleteUser" time="0.496"/>
</testsuite> <!-- Api.rest.day1 -->
