<?xml version="1.0" encoding="UTF-8"?>
<!-- Generated by org.testng.reporters.JUnitReportReporter -->
<testsuite hostname="Prakhar" failures="0" tests="4" name="Api.testCases.UserTests" time="13.227" errors="0" timestamp="2025-02-18T00:53:32 IST" skipped="0">
  <testcase classname="Api.testCases.UserTests" name="testPostUserData" time="7.542"/>
  <testcase classname="Api.testCases.UserTests" name="testGetUserByName" time="1.513"/>
  <testcase classname="Api.testCases.UserTests" name="updateUserByName" time="2.749"/>
  <testcase classname="Api.testCases.UserTests" name="deleteUserByName" time="1.423"/>
</testsuite> <!-- Api.testCases.UserTests -->
