<?xml version="1.0" encoding="UTF-8"?>
<!-- Generated by org.testng.reporters.JUnitReportReporter -->
<testsuite hostname="Prakhar" failures="0" tests="1" name="Api.rest.postRequestUsingOrgJson" time="5.858" errors="0" timestamp="2024-10-21T21:04:37 IST" skipped="0">
  <testcase classname="Api.rest.postRequestUsingOrgJson" name="testPostUsingOrgJsonLibrary" time="5.858"/>
</testsuite> <!-- Api.rest.postRequestUsingOrgJson -->
