<?xml version="1.0" encoding="UTF-8"?>
<!-- Generated by org.testng.reporters.JUnitReportReporter -->
<testsuite hostname="Pratisthasharma" failures="0" tests="2" name="com.SurplusGyTestCases.SubmitOrder" time="12.231" errors="0" timestamp="2024-08-10T19:48:42 BST" skipped="0">
  <testcase classname="com.SurplusGyTestCases.SubmitOrder" name="signIn" time="4.570"/>
  <testcase classname="com.SurplusGyTestCases.SubmitOrder" name="searchItemInSearchBar" time="7.661"/>
</testsuite> <!-- com.SurplusGyTestCases.SubmitOrder -->
