<?xml version="1.0" encoding="UTF-8"?>
<!-- Generated by org.testng.reporters.JUnitReportReporter -->
<testsuite hostname="Pratisthasharma" failures="0" tests="1" name="com.SurplusGyTestCases.loginTest" time="4.694" errors="0" timestamp="2024-08-11T14:50:53 BST" skipped="0">
  <testcase classname="com.SurplusGyTestCases.loginTest" name="signIn" time="4.694"/>
</testsuite> <!-- com.SurplusGyTestCases.loginTest -->
